<testsuites id="" name="" tests="5" failures="5" skipped="0" errors="0" time="36.52582">
<testsuite name="auth-comprehensive.spec.ts" timestamp="2025-07-29T22:43:16.195Z" hostname="chromium" tests="5" failures="5" skipped="0" time="105.573" errors="0">
<testcase name="Authentication System - Comprehensive E2E Tests › 1. Guest Mode Testing › should access dashboard without login using guest button" classname="auth-comprehensive.spec.ts" time="9.697">
<failure message="auth-comprehensive.spec.ts:35:5 should access dashboard without login using guest button" type="FAILURE">
<![CDATA[  [chromium] › auth-comprehensive.spec.ts:35:5 › Authentication System - Comprehensive E2E Tests › 1. Guest Mode Testing › should access dashboard without login using guest button 

    Error: Timed out 5000ms waiting for expect(locator).toBeVisible()

    Locator: locator('text=Modo Invitado')
    Expected: visible
    Received: <element(s) not found>
    Call log:
      - Expect "toBeVisible" with timeout 5000ms
      - waiting for locator('text=Modo Invitado')


      41 |       
      42 |       // Should show guest mode banner
    > 43 |       await expect(page.locator('text=Modo Invitado')).toBeVisible();
         |                                                        ^
      44 |     });
      45 |
      46 |     test('should display demo data in guest mode', async ({ page }) => {
        at /Users/gerardo/Downloads/Urcontent/content-weave/tests/e2e/auth-comprehensive.spec.ts:43:56

    attachment #1: screenshot (image/png) ──────────────────────────────────────────────────────────
    ../../test-results/auth-comprehensive-Authent-7c4a4-ut-login-using-guest-button-chromium/test-failed-1.png
    ────────────────────────────────────────────────────────────────────────────────────────────────

    attachment #2: video (video/webm) ──────────────────────────────────────────────────────────────
    ../../test-results/auth-comprehensive-Authent-7c4a4-ut-login-using-guest-button-chromium/video.webm
    ────────────────────────────────────────────────────────────────────────────────────────────────

    Error Context: ../../test-results/auth-comprehensive-Authent-7c4a4-ut-login-using-guest-button-chromium/error-context.md
]]>
</failure>
<system-out>
<![CDATA[
[[ATTACHMENT|auth-comprehensive-Authent-7c4a4-ut-login-using-guest-button-chromium/test-failed-1.png]]

[[ATTACHMENT|auth-comprehensive-Authent-7c4a4-ut-login-using-guest-button-chromium/video.webm]]

[[ATTACHMENT|auth-comprehensive-Authent-7c4a4-ut-login-using-guest-button-chromium/error-context.md]]
]]>
</system-out>
</testcase>
<testcase name="Authentication System - Comprehensive E2E Tests › 1. Guest Mode Testing › should display demo data in guest mode" classname="auth-comprehensive.spec.ts" time="4.429">
<failure message="auth-comprehensive.spec.ts:46:5 should display demo data in guest mode" type="FAILURE">
<![CDATA[  [chromium] › auth-comprehensive.spec.ts:46:5 › Authentication System - Comprehensive E2E Tests › 1. Guest Mode Testing › should display demo data in guest mode 

    Error: page.waitForSelector: Unexpected token "=" while parsing css selector "[class*="dashboard"], text=Modo Invitado". Did you mean to CSS.escape it?
    Call log:
      - waiting for [class*="dashboard"], text=Modo Invitado to be visible


      49 |       
      50 |       // Wait for either guest banner or content
    > 51 |       await page.waitForSelector('[class*="dashboard"], text=Modo Invitado', { timeout: 5000 });
         |                  ^
      52 |       
      53 |       // Check if guest mode banner is visible (emergency access)
      54 |       const guestBanner = page.locator('text=Modo Invitado');
        at /Users/gerardo/Downloads/Urcontent/content-weave/tests/e2e/auth-comprehensive.spec.ts:51:18

    attachment #1: screenshot (image/png) ──────────────────────────────────────────────────────────
    ../../test-results/auth-comprehensive-Authent-f5a53-lay-demo-data-in-guest-mode-chromium/test-failed-1.png
    ────────────────────────────────────────────────────────────────────────────────────────────────

    attachment #2: video (video/webm) ──────────────────────────────────────────────────────────────
    ../../test-results/auth-comprehensive-Authent-f5a53-lay-demo-data-in-guest-mode-chromium/video.webm
    ────────────────────────────────────────────────────────────────────────────────────────────────

    Error Context: ../../test-results/auth-comprehensive-Authent-f5a53-lay-demo-data-in-guest-mode-chromium/error-context.md
]]>
</failure>
<system-out>
<![CDATA[
[[ATTACHMENT|auth-comprehensive-Authent-f5a53-lay-demo-data-in-guest-mode-chromium/test-failed-1.png]]

[[ATTACHMENT|auth-comprehensive-Authent-f5a53-lay-demo-data-in-guest-mode-chromium/video.webm]]

[[ATTACHMENT|auth-comprehensive-Authent-f5a53-lay-demo-data-in-guest-mode-chromium/error-context.md]]
]]>
</system-out>
</testcase>
<testcase name="Authentication System - Comprehensive E2E Tests › 2. Creator Authentication › should login with creator credentials" classname="auth-comprehensive.spec.ts" time="30.384">
<failure message="auth-comprehensive.spec.ts:68:5 should login with creator credentials" type="FAILURE">
<![CDATA[  [chromium] › auth-comprehensive.spec.ts:68:5 › Authentication System - Comprehensive E2E Tests › 2. Creator Authentication › should login with creator credentials 

    Test timeout of 30000ms exceeded.

    Error: page.click: Test timeout of 30000ms exceeded.
    Call log:
      - waiting for locator('button:has-text("Iniciar Sesi�n")')


      72 |       
      73 |       // Submit form
    > 74 |       await page.click('button:has-text("Iniciar Sesi�n")');
         |                  ^
      75 |       
      76 |       // Should redirect to creator dashboard
      77 |       await expect(page).toHaveURL(testAccounts.creator.dashboardUrl);
        at /Users/gerardo/Downloads/Urcontent/content-weave/tests/e2e/auth-comprehensive.spec.ts:74:18

    attachment #1: screenshot (image/png) ──────────────────────────────────────────────────────────
    ../../test-results/auth-comprehensive-Authent-474e1-in-with-creator-credentials-chromium/test-failed-1.png
    ────────────────────────────────────────────────────────────────────────────────────────────────

    attachment #2: video (video/webm) ──────────────────────────────────────────────────────────────
    ../../test-results/auth-comprehensive-Authent-474e1-in-with-creator-credentials-chromium/video.webm
    ────────────────────────────────────────────────────────────────────────────────────────────────

    Error Context: ../../test-results/auth-comprehensive-Authent-474e1-in-with-creator-credentials-chromium/error-context.md
]]>
</failure>
<system-out>
<![CDATA[
[[ATTACHMENT|auth-comprehensive-Authent-474e1-in-with-creator-credentials-chromium/test-failed-1.png]]

[[ATTACHMENT|auth-comprehensive-Authent-474e1-in-with-creator-credentials-chromium/video.webm]]

[[ATTACHMENT|auth-comprehensive-Authent-474e1-in-with-creator-credentials-chromium/error-context.md]]
]]>
</system-out>
</testcase>
<testcase name="Authentication System - Comprehensive E2E Tests › 2. Creator Authentication › should display real creator data after login" classname="auth-comprehensive.spec.ts" time="30.254">
<failure message="auth-comprehensive.spec.ts:83:5 should display real creator data after login" type="FAILURE">
<![CDATA[  [chromium] › auth-comprehensive.spec.ts:83:5 › Authentication System - Comprehensive E2E Tests › 2. Creator Authentication › should display real creator data after login 

    Test timeout of 30000ms exceeded.

    Error: page.click: Test timeout of 30000ms exceeded.
    Call log:
      - waiting for locator('button:has-text("Iniciar Sesi�n")')


      85 |       await page.fill('input[type="email"]', testAccounts.creator.email);
      86 |       await page.fill('input[type="password"]', testAccounts.creator.password);
    > 87 |       await page.click('button:has-text("Iniciar Sesi�n")');
         |                  ^
      88 |       
      89 |       // Wait for dashboard
      90 |       await page.waitForURL(testAccounts.creator.dashboardUrl);
        at /Users/gerardo/Downloads/Urcontent/content-weave/tests/e2e/auth-comprehensive.spec.ts:87:18

    attachment #1: screenshot (image/png) ──────────────────────────────────────────────────────────
    ../../test-results/auth-comprehensive-Authent-de9d5-al-creator-data-after-login-chromium/test-failed-1.png
    ────────────────────────────────────────────────────────────────────────────────────────────────

    attachment #2: video (video/webm) ──────────────────────────────────────────────────────────────
    ../../test-results/auth-comprehensive-Authent-de9d5-al-creator-data-after-login-chromium/video.webm
    ────────────────────────────────────────────────────────────────────────────────────────────────

    Error Context: ../../test-results/auth-comprehensive-Authent-de9d5-al-creator-data-after-login-chromium/error-context.md
]]>
</failure>
<system-out>
<![CDATA[
[[ATTACHMENT|auth-comprehensive-Authent-de9d5-al-creator-data-after-login-chromium/test-failed-1.png]]

[[ATTACHMENT|auth-comprehensive-Authent-de9d5-al-creator-data-after-login-chromium/video.webm]]

[[ATTACHMENT|auth-comprehensive-Authent-de9d5-al-creator-data-after-login-chromium/error-context.md]]
]]>
</system-out>
</testcase>
<testcase name="Authentication System - Comprehensive E2E Tests › 2. Creator Authentication › should use quick access for creator" classname="auth-comprehensive.spec.ts" time="30.809">
<failure message="auth-comprehensive.spec.ts:97:5 should use quick access for creator" type="FAILURE">
<![CDATA[  [chromium] › auth-comprehensive.spec.ts:97:5 › Authentication System - Comprehensive E2E Tests › 2. Creator Authentication › should use quick access for creator 

    Test timeout of 30000ms exceeded.

    Error: page.click: Test timeout of 30000ms exceeded.
    Call log:
      - waiting for locator('text=Content Creator').locator('..').locator('button:has-text("Instant Access")')


      100 |       
      101 |       // Click instant access for creator
    > 102 |       await page.click('text=Content Creator >> .. >> button:has-text("Instant Access")');
          |                  ^
      103 |       
      104 |       // Should redirect to creator dashboard
      105 |       await expect(page).toHaveURL(testAccounts.creator.dashboardUrl);
        at /Users/gerardo/Downloads/Urcontent/content-weave/tests/e2e/auth-comprehensive.spec.ts:102:18

    attachment #1: screenshot (image/png) ──────────────────────────────────────────────────────────
    ../../test-results/auth-comprehensive-Authent-723e4-se-quick-access-for-creator-chromium/test-failed-1.png
    ────────────────────────────────────────────────────────────────────────────────────────────────

    attachment #2: video (video/webm) ──────────────────────────────────────────────────────────────
    ../../test-results/auth-comprehensive-Authent-723e4-se-quick-access-for-creator-chromium/video.webm
    ────────────────────────────────────────────────────────────────────────────────────────────────

    Error Context: ../../test-results/auth-comprehensive-Authent-723e4-se-quick-access-for-creator-chromium/error-context.md
]]>
</failure>
<system-out>
<![CDATA[
[[ATTACHMENT|auth-comprehensive-Authent-723e4-se-quick-access-for-creator-chromium/test-failed-1.png]]

[[ATTACHMENT|auth-comprehensive-Authent-723e4-se-quick-access-for-creator-chromium/video.webm]]

[[ATTACHMENT|auth-comprehensive-Authent-723e4-se-quick-access-for-creator-chromium/error-context.md]]
]]>
</system-out>
</testcase>
</testsuite>
</testsuites>